Interpreting 'data' as the name of a directory.

Preparing the JEDI analysis...

Found file 'H_cart.txt' in directory data, using this file now.
Found file 'B_transp.txt' in directory data, using this file now.

Checking if all required files are here...
Found output file of relaxed geometry optimization: bmat.init.out
Found output file of calculation on strained molecule: glyph_1_strained.out
Found output file of frequency calculation: freq.init.out

Getting the square roots of the atomic masses (writing file data/sqrt_masses.txt)...
Getting the primitive internal coordinates (attempting to write files data/bl.txt, data/ba.txt, data/da.txt)...
Getting the relaxed geometry (writing file data/x0.txt)...
Getting the strained geometry (writing file xF.txt)...
Writing a file geom.xyz, which can be read by VMD...
Getting the JEDI Python script (copying file /opt/jedi/jedi.py)...

Running the JEDI python script...

 ************************************************
 *                 JEDI ANALYSIS                *
 *       Judgement of Energy DIstribution       *
 ************************************************

                   Strain Energy (h)  Deviation (%)
      Geometries      -0.00368163           -
 Red. Int. Modes     -0.00002908        -99.21

 RIM No.    RIM type             Percentage    Energy (h)
     1       BL 12-8                -1.9        0.0000006
     2       BL 12-9                -2.7        0.0000008
     3       BL 13-6                 0.0       -0.0000000
     4       BL 13-7                -1.1        0.0000003
     5       BL 14-4              -107.1        0.0000311
     6       BL 14-5               -86.2        0.0000251
     7       BL 14-12              -38.7        0.0000113
     8       BL 15-10              -37.1        0.0000108
     9       BL 15-11                0.3       -0.0000001
    10       BL 15-12               -0.2        0.0000001
    11       BL 15-13               -4.5        0.0000013
    12       BL 16-1               -29.3        0.0000085
    13       BL 16-2               -87.2        0.0000254
    14       BL 16-3               -14.8        0.0000043
    15       BL 16-13               -2.7        0.0000008
    16       BA 8-12-9               4.7       -0.0000014
    17       BA 6-13-7               0.4       -0.0000001
    18       BA 4-14-5               0.3       -0.0000001
    19       BA 4-14-12            -66.2        0.0000193
    20       BA 5-14-12            -51.0        0.0000148
    21       BA 14-12-8              5.9       -0.0000017
    22       BA 14-12-9             -3.6        0.0000010
    23       BA 10-15-11            -0.6        0.0000002
    24       BA 15-12-8              4.0       -0.0000012
    25       BA 15-12-9            -49.2        0.0000143
    26       BA 10-15-12           -33.5        0.0000097
    27       BA 11-15-12          -113.9        0.0000331
    28       BA 15-13-6             -0.2        0.0000001
    29       BA 15-13-7              0.2       -0.0000000
    30       BA 10-15-13             2.7       -0.0000008
    31       BA 11-15-13            -8.9        0.0000026
    32       BA 12-15-13            -0.9        0.0000003
    33       BA 14-12-15          -103.5        0.0000301
    34       BA 1-16-2            -100.2        0.0000291
    35       BA 1-16-3             -11.0        0.0000032
    36       BA 2-16-3               6.1       -0.0000018
    37       BA 1-16-13            -10.1        0.0000029
    38       BA 2-16-13           -108.9        0.0000317
    39       BA 3-16-13             78.5       -0.0000228
    40       BA 16-13-6              5.7       -0.0000017
    41       BA 16-13-7             19.2       -0.0000056
    42       BA 15-13-16            59.9       -0.0000174
    43       DA 4-14-12-8          211.8       -0.0000616
    44       DA 4-14-12-9          263.3       -0.0000765
    45       DA 4-14-12-15         365.3       -0.0001062
    46       DA 5-14-12-8         -189.2        0.0000550
    47       DA 5-14-12-9         -110.9        0.0000322
    48       DA 5-14-12-15          36.1       -0.0000105
    49       DA 10-15-12-8         -74.0        0.0000215
    50       DA 10-15-12-9          85.1       -0.0000247
    51       DA 10-15-12-14         33.3       -0.0000097
    52       DA 11-15-12-8         -15.5        0.0000045
    53       DA 11-15-12-9         137.1       -0.0000399
    54       DA 11-15-12-14         82.8       -0.0000241
    55       DA 13-15-12-8         -49.2        0.0000143
    56       DA 13-15-12-9          63.4       -0.0000184
    57       DA 13-15-12-14         18.1       -0.0000053
    58       DA 10-15-13-6         -35.3        0.0000103
    59       DA 10-15-13-7          24.4       -0.0000071
    60       DA 10-15-13-16         36.0       -0.0000105
    61       DA 11-15-13-6         110.5       -0.0000321
    62       DA 11-15-13-7         156.8       -0.0000456
    63       DA 11-15-13-16        181.3       -0.0000527
    64       DA 12-15-13-6        -186.4        0.0000542
    65       DA 12-15-13-7        -102.4        0.0000298
    66       DA 12-15-13-16        -96.8        0.0000281
    67       DA 1-16-13-6            7.0       -0.0000020
    68       DA 1-16-13-7           33.4       -0.0000097
    69       DA 1-16-13-15          40.6       -0.0000118
    70       DA 2-16-13-6          -36.1        0.0000105
    71       DA 2-16-13-7          -19.4        0.0000056
    72       DA 2-16-13-15         -15.2        0.0000044
    73       DA 3-16-13-6           -3.0        0.0000009
    74       DA 3-16-13-7           22.4       -0.0000065
    75       DA 3-16-13-15          12.5       -0.0000036


Creating tcl scripts for generating color-coded structures in VMD...
Processing bond lengths...
Maximum energy in a bond length:        0.32%
Total energy in the bond lengths:     -413.29%

Processing bond angles...
Maximum energy in a bond angle:        78.48%
Total energy in the bond angles:      -474.27%

Processing dihedral angles...
Maximum energy in a dihedral angle:   365.29%
Total energy in the dihedral angles:  987.56%


JEDI terminated successfully.

"I never doubted you! Wonderful!" (C-3PO)

